# JRE version: OpenJDK Runtime Environment (8.0_76-b03) (build 1.8.0_76-release-b03)
# Java VM: OpenJDK 64-Bit Server VM (25.76-b03 mixed mode windows-amd64 compressed oops)
Heap:
 PSYoungGen      total 216576K, used 108145K [0x00000000eab00000, 0x00000000fa300000, 0x0000000100000000)
  eden space 186880K, 43% used [0x00000000eab00000,0x00000000ef9918f8,0x00000000f6180000)
  from space 29696K, 93% used [0x00000000f6180000,0x00000000f7c8ac38,0x00000000f7e80000)
  to   space 22016K, 0% used [0x00000000f7e80000,0x00000000f7e80000,0x00000000f9400000)
 ParOldGen       total 78848K, used 59978K [0x00000000c0000000, 0x00000000c4d00000, 0x00000000eab00000)
  object space 78848K, 76% used [0x00000000c0000000,0x00000000c3a92ab8,0x00000000c4d00000)
 Metaspace       used 6590K, capacity 7284K, committed 7552K, reserved 1056768K
  class space    used 602K, capacity 620K, committed 640K, reserved 1048576K
GC Heap History (10 events):
Event: 16.026 GC heap before
{Heap before GC invocations=8 (full 0):
 PSYoungGen      total 68608K, used 68581K [0x00000000eab00000, 0x00000000f3900000, 0x0000000100000000)
  eden space 62464K, 100% used [0x00000000eab00000,0x00000000ee800000,0x00000000ee800000)
  from space 6144K, 99% used [0x00000000ee800000,0x00000000eedf9628,0x00000000eee00000)
  to   space 10240K, 0% used [0x00000000f2f00000,0x00000000f2f00000,0x00000000f3900000)
 ParOldGen       total 44032K, used 11413K [0x00000000c0000000, 0x00000000c2b00000, 0x00000000eab00000)
  object space 44032K, 25% used [0x00000000c0000000,0x00000000c0b25468,0x00000000c2b00000)
 Metaspace       used 6430K, capacity 7156K, committed 7296K, reserved 1056768K
  class space    used 600K, capacity 620K, committed 640K, reserved 1048576K
Event: 16.123 GC heap after
Heap after GC invocations=8 (full 0):
 PSYoungGen      total 131584K, used 10229K [0x00000000eab00000, 0x00000000f4000000, 0x0000000100000000)
  eden space 121344K, 0% used [0x00000000eab00000,0x00000000eab00000,0x00000000f2180000)
  from space 10240K, 99% used [0x00000000f2f00000,0x00000000f38fd400,0x00000000f3900000)
  to   space 13824K, 0% used [0x00000000f2180000,0x00000000f2180000,0x00000000f2f00000)
 ParOldGen       total 44032K, used 15921K [0x00000000c0000000, 0x00000000c2b00000, 0x00000000eab00000)
  object space 44032K, 36% used [0x00000000c0000000,0x00000000c0f8c7d0,0x00000000c2b00000)
 Metaspace       used 6430K, capacity 7156K, committed 7296K, reserved 1056768K
  class space    used 600K, capacity 620K, committed 640K, reserved 1048576K
}
Event: 24.669 GC heap before
{Heap before GC invocations=9 (full 0):
 PSYoungGen      total 131584K, used 131573K [0x00000000eab00000, 0x00000000f4000000, 0x0000000100000000)
  eden space 121344K, 100% used [0x00000000eab00000,0x00000000f2180000,0x00000000f2180000)
  from space 10240K, 99% used [0x00000000f2f00000,0x00000000f38fd400,0x00000000f3900000)
  to   space 13824K, 0% used [0x00000000f2180000,0x00000000f2180000,0x00000000f2f00000)
 ParOldGen       total 44032K, used 15921K [0x00000000c0000000, 0x00000000c2b00000, 0x00000000eab00000)
  object space 44032K, 36% used [0x00000000c0000000,0x00000000c0f8c7d0,0x00000000c2b00000)
 Metaspace       used 6531K, capacity 7220K, committed 7296K, reserved 1056768K
  class space    used 601K, capacity 620K, committed 640K, reserved 1048576K
Event: 24.823 GC heap after
Heap after GC invocations=9 (full 0):
 PSYoungGen      total 135168K, used 13798K [0x00000000eab00000, 0x00000000f9400000, 0x0000000100000000)
  eden space 121344K, 0% used [0x00000000eab00000,0x00000000eab00000,0x00000000f2180000)
  from space 13824K, 99% used [0x00000000f2180000,0x00000000f2ef9bc8,0x00000000f2f00000)
  to   space 22016K, 0% used [0x00000000f7e80000,0x00000000f7e80000,0x00000000f9400000)
 ParOldGen       total 44032K, used 30596K [0x00000000c0000000, 0x00000000c2b00000, 0x00000000eab00000)
  object space 44032K, 69% used [0x00000000c0000000,0x00000000c1de1228,0x00000000c2b00000)
 Metaspace       used 6531K, capacity 7220K, committed 7296K, reserved 1056768K
  class space    used 601K, capacity 620K, committed 640K, reserved 1048576K
}
Event: 29.171 GC heap before
{Heap before GC invocations=10 (full 0):
 PSYoungGen      total 135168K, used 135142K [0x00000000eab00000, 0x00000000f9400000, 0x0000000100000000)
  eden space 121344K, 100% used [0x00000000eab00000,0x00000000f2180000,0x00000000f2180000)
  from space 13824K, 99% used [0x00000000f2180000,0x00000000f2ef9bc8,0x00000000f2f00000)
  to   space 22016K, 0% used [0x00000000f7e80000,0x00000000f7e80000,0x00000000f9400000)
 ParOldGen       total 44032K, used 30596K [0x00000000c0000000, 0x00000000c2b00000, 0x00000000eab00000)
  object space 44032K, 69% used [0x00000000c0000000,0x00000000c1de1228,0x00000000c2b00000)
 Metaspace       used 6555K, capacity 7220K, committed 7296K, reserved 1056768K
  class space    used 601K, capacity 620K, committed 640K, reserved 1048576K
Event: 29.344 GC heap after
Heap after GC invocations=10 (full 0):
 PSYoungGen      total 208896K, used 21993K [0x00000000eab00000, 0x00000000fa300000, 0x0000000100000000)
  eden space 186880K, 0% used [0x00000000eab00000,0x00000000eab00000,0x00000000f6180000)
  from space 22016K, 99% used [0x00000000f7e80000,0x00000000f93fa5a8,0x00000000f9400000)
  to   space 29696K, 0% used [0x00000000f6180000,0x00000000f6180000,0x00000000f7e80000)
 ParOldGen       total 44032K, used 40439K [0x00000000c0000000, 0x00000000c2b00000, 0x00000000eab00000)
  object space 44032K, 91% used [0x00000000c0000000,0x00000000c277de78,0x00000000c2b00000)
 Metaspace       used 6555K, capacity 7220K, committed 7296K, reserved 1056768K
  class space    used 601K, capacity 620K, committed 640K, reserved 1048576K
}
Event: 29.344 GC heap before
{Heap before GC invocations=11 (full 1):
 PSYoungGen      total 208896K, used 21993K [0x00000000eab00000, 0x00000000fa300000, 0x0000000100000000)
  eden space 186880K, 0% used [0x00000000eab00000,0x00000000eab00000,0x00000000f6180000)
  from space 22016K, 99% used [0x00000000f7e80000,0x00000000f93fa5a8,0x00000000f9400000)
  to   space 29696K, 0% used [0x00000000f6180000,0x00000000f6180000,0x00000000f7e80000)
 ParOldGen       total 44032K, used 40439K [0x00000000c0000000, 0x00000000c2b00000, 0x00000000eab00000)
  object space 44032K, 91% used [0x00000000c0000000,0x00000000c277de78,0x00000000c2b00000)
 Metaspace       used 6555K, capacity 7220K, committed 7296K, reserved 1056768K
  class space    used 601K, capacity 620K, committed 640K, reserved 1048576K
Event: 30.321 GC heap after
Heap after GC invocations=11 (full 1):
 PSYoungGen      total 208896K, used 16322K [0x00000000eab00000, 0x00000000fa300000, 0x0000000100000000)
  eden space 186880K, 0% used [0x00000000eab00000,0x00000000eab00000,0x00000000f6180000)
  from space 22016K, 74% used [0x00000000f7e80000,0x00000000f8e70b40,0x00000000f9400000)
  to   space 29696K, 0% used [0x00000000f6180000,0x00000000f6180000,0x00000000f7e80000)
 ParOldGen       total 78848K, used 43534K [0x00000000c0000000, 0x00000000c4d00000, 0x00000000eab00000)
  object space 78848K, 55% used [0x00000000c0000000,0x00000000c2a83968,0x00000000c4d00000)
 Metaspace       used 6555K, capacity 7220K, committed 7296K, reserved 1056768K
  class space    used 601K, capacity 620K, committed 640K, reserved 1048576K
}
Event: 34.317 GC heap before
{Heap before GC invocations=12 (full 1):
 PSYoungGen      total 208896K, used 203202K [0x00000000eab00000, 0x00000000fa300000, 0x0000000100000000)
  eden space 186880K, 100% used [0x00000000eab00000,0x00000000f6180000,0x00000000f6180000)
  from space 22016K, 74% used [0x00000000f7e80000,0x00000000f8e70b40,0x00000000f9400000)
  to   space 29696K, 0% used [0x00000000f6180000,0x00000000f6180000,0x00000000f7e80000)
 ParOldGen       total 78848K, used 43534K [0x00000000c0000000, 0x00000000c4d00000, 0x00000000eab00000)
  object space 78848K, 55% used [0x00000000c0000000,0x00000000c2a83968,0x00000000c4d00000)
 Metaspace       used 6575K, capacity 7284K, committed 7552K, reserved 1056768K
  class space    used 601K, capacity 620K, committed 640K, reserved 1048576K
Event: 34.490 GC heap after
Heap after GC invocations=12 (full 1):
 PSYoungGen      total 216576K, used 27691K [0x00000000eab00000, 0x00000000fa300000, 0x0000000100000000)
  eden space 186880K, 0% used [0x00000000eab00000,0x00000000eab00000,0x00000000f6180000)
  from space 29696K, 93% used [0x00000000f6180000,0x00000000f7c8ac38,0x00000000f7e80000)
  to   space 22016K, 0% used [0x00000000f7e80000,0x00000000f7e80000,0x00000000f9400000)
 ParOldGen       total 78848K, used 59978K [0x00000000c0000000, 0x00000000c4d00000, 0x00000000eab00000)
  object space 78848K, 76% used [0x00000000c0000000,0x00000000c3a92ab8,0x00000000c4d00000)
 Metaspace       used 6575K, capacity 7284K, committed 7552K, reserved 1056768K
  class space    used 601K, capacity 620K, committed 640K, reserved 1048576K
}

